This is XeTeX, Version 3.141592653-2.6-0.999994 (MiKTeX 22.7) (preloaded format=xelatex 2023.7.26)  19 FEB 2024 13:51
entering extended mode
 restricted \write18 enabled.
 %&-line parsing enabled.
**./definitions_default.tex
(definitions_default.tex
LaTeX2e <2022-06-01> patch level 5
L3 programming layer <2022-07-04>)
! Emergency stop.
<*> ./definitions_default.tex
                             
*** (job aborted, no legal \end found)

 
Here is how much of TeX's memory you used:
 26 strings out of 410654
 458 string characters out of 2815690
 306807 words of memory out of 3000000
 21172 multiletter control sequences out of 15000+600000
 469259 words of font info for 28 fonts, out of 8000000 for 9000
 1348 hyphenation exceptions out of 8191
 12i,0n,12p,103b,10s stack positions out of 10000i,1000n,20000p,200000b,80000s
No pages of output.
